<?xml version="1.0" encoding="UTF-8"?>
<testsuite name="com.group.libraryapp.LibraryAppApplicationTests" tests="1" skipped="0" failures="0" errors="0" timestamp="2023-04-30T12:42:28" hostname="aswemakeui-MacBookPro.local" time="0.001">
  <properties/>
  <testcase name="contextLoads()" classname="com.group.libraryapp.LibraryAppApplicationTests" time="0.001"/>
  <system-out><![CDATA[2023-04-30 21:42:28.355  INFO 24160 --- [    Test worker] .b.t.c.SpringBootTestContextBootstrapper : Neither @ContextConfiguration nor @ContextHierarchy found for test class [com.group.libraryapp.LibraryAppApplicationTests], using SpringBootContextLoader
2023-04-30 21:42:28.355  INFO 24160 --- [    Test worker] o.s.t.c.support.AbstractContextLoader    : Could not detect default resource locations for test class [com.group.libraryapp.LibraryAppApplicationTests]: no resource found for suffixes {-context.xml, Context.groovy}.
2023-04-30 21:42:28.355  INFO 24160 --- [    Test worker] t.c.s.AnnotationConfigContextLoaderUtils : Could not detect default configuration classes for test class [com.group.libraryapp.LibraryAppApplicationTests]: LibraryAppApplicationTests does not declare any static, non-private, non-final, nested classes annotated with @Configuration.
2023-04-30 21:42:28.356  INFO 24160 --- [    Test worker] .b.t.c.SpringBootTestContextBootstrapper : Found @SpringBootConfiguration com.group.libraryapp.LibraryAppApplication for test class com.group.libraryapp.LibraryAppApplicationTests
2023-04-30 21:42:28.357  INFO 24160 --- [    Test worker] .b.t.c.SpringBootTestContextBootstrapper : Loaded default TestExecutionListener class names from location [META-INF/spring.factories]: [org.springframework.boot.test.autoconfigure.restdocs.RestDocsTestExecutionListener, org.springframework.boot.test.autoconfigure.web.client.MockRestServiceServerResetTestExecutionListener, org.springframework.boot.test.autoconfigure.web.servlet.MockMvcPrintOnlyOnFailureTestExecutionListener, org.springframework.boot.test.autoconfigure.web.servlet.WebDriverTestExecutionListener, org.springframework.boot.test.autoconfigure.webservices.client.MockWebServiceServerTestExecutionListener, org.springframework.boot.test.mock.mockito.MockitoTestExecutionListener, org.springframework.boot.test.mock.mockito.ResetMocksTestExecutionListener, org.springframework.test.context.web.ServletTestExecutionListener, org.springframework.test.context.support.DirtiesContextBeforeModesTestExecutionListener, org.springframework.test.context.event.ApplicationEventsTestExecutionListener, org.springframework.test.context.support.DependencyInjectionTestExecutionListener, org.springframework.test.context.support.DirtiesContextTestExecutionListener, org.springframework.test.context.transaction.TransactionalTestExecutionListener, org.springframework.test.context.jdbc.SqlScriptsTestExecutionListener, org.springframework.test.context.event.EventPublishingTestExecutionListener]
2023-04-30 21:42:28.358  INFO 24160 --- [    Test worker] .b.t.c.SpringBootTestContextBootstrapper : Using TestExecutionListeners: [org.springframework.test.context.web.ServletTestExecutionListener@7b06dce0, org.springframework.test.context.support.DirtiesContextBeforeModesTestExecutionListener@556a5e70, org.springframework.test.context.event.ApplicationEventsTestExecutionListener@47fca369, org.springframework.boot.test.mock.mockito.MockitoTestExecutionListener@296a350, org.springframework.boot.test.autoconfigure.SpringBootDependencyInjectionTestExecutionListener@4f3a8e3e, org.springframework.test.context.support.DirtiesContextTestExecutionListener@4824d077, org.springframework.test.context.transaction.TransactionalTestExecutionListener@6ae1d5f1, org.springframework.test.context.jdbc.SqlScriptsTestExecutionListener@5d5a77de, org.springframework.test.context.event.EventPublishingTestExecutionListener@460a4935, org.springframework.boot.test.autoconfigure.restdocs.RestDocsTestExecutionListener@28c38eeb, org.springframework.boot.test.autoconfigure.web.client.MockRestServiceServerResetTestExecutionListener@4ce9985f, org.springframework.boot.test.autoconfigure.web.servlet.MockMvcPrintOnlyOnFailureTestExecutionListener@4283f29b, org.springframework.boot.test.autoconfigure.web.servlet.WebDriverTestExecutionListener@56d4481f, org.springframework.boot.test.autoconfigure.webservices.client.MockWebServiceServerTestExecutionListener@625430f8, org.springframework.boot.test.mock.mockito.ResetMocksTestExecutionListener@627f678d]
]]></system-out>
  <system-err><![CDATA[]]></system-err>
</testsuite>
